<?xml version="1.0" encoding="UTF-8"?>
<beans xmlns="http://www.springframework.org/schema/beans"
	xmlns:xsi="http://www.w3.org/2001/XMLSchema-instance" xmlns:p="http://www.springframework.org/schema/p"
	xmlns:context="http://www.springframework.org/schema/context"
	xmlns:jee="http://www.springframework.org/schema/jee"
	xsi:schemaLocation="
        http://www.springframework.org/schema/beans http://www.springframework.org/schema/beans/spring-beans.xsd
        http://www.springframework.org/schema/context http://www.springframework.org/schema/context/spring-context.xsd
        http://www.springframework.org/schema/jee http://www.springframework.org/schema/jee/spring-jee.xsd">


	<context:component-scan base-package="com.cfna.portal.service" />


	<jee:local-slsb id="creditAppService" jndi-name="CreditAppServiceBeanLocalBean"
		business-interface="com.cfna.ejb.session.CreditAppService">
		<jee:environment>java.naming.factory.initial=org.apache.openejb.client.LocalInitialContextFactory</jee:environment>
	</jee:local-slsb>

	<jee:local-slsb id="userRegistryService" jndi-name="UserRegistryServiceBeanRemote"
		business-interface="com.cfna.ejb.session.UserRegistryService">
		<jee:environment>java.naming.factory.initial=org.apache.openejb.client.LocalInitialContextFactory</jee:environment>
	</jee:local-slsb>

</beans>